<?xml version="1.0" encoding="UTF-8"?>
<!-- Generated by org.testng.reporters.JUnitReportReporter -->
<testsuite hostname="admin-PC" name="Extentreport.extentDemo" tests="1" failures="0" timestamp="9 May 2019 17:13:38 GMT" time="9.426" errors="0">
  <testcase name="titleTest" time="9.426" classname="Extentreport.extentDemo"/>
</testsuite> <!-- Extentreport.extentDemo -->
