<?xml version="1.0" encoding="UTF-8"?>
<!-- Generated by org.testng.reporters.JUnitReportReporter -->
<testsuite hostname="admin-PC" name="Logger.Log4j1" tests="1" failures="0" timestamp="7 May 2019 16:31:55 GMT" time="38.720" errors="0">
  <testcase name="demoTest" time="38.720" classname="Logger.Log4j1"/>
</testsuite> <!-- Logger.Log4j1 -->
