<?xml version="1.0" encoding="UTF-8"?>
<!-- Generated by org.testng.reporters.JUnitReportReporter -->
<testsuite hostname="admin-PC" name="com.program.firstclass" tests="1" failures="0" timestamp="13 May 2019 01:28:31 GMT" time="9.356" errors="0">
  <testcase name="demoTest" time="9.356" classname="com.program.firstclass"/>
</testsuite> <!-- com.program.firstclass -->
