<?xml version="1.0" encoding="UTF-8"?>
<!-- Generated by org.testng.reporters.JUnitReportReporter -->
<testsuite hostname="admin-PC" name="demopackage.DemoClass" tests="1" failures="0" timestamp="23 May 2019 00:48:08 GMT" time="6.480" errors="0">
  <testcase name="demoTest" time="6.480" classname="demopackage.DemoClass"/>
</testsuite> <!-- demopackage.DemoClass -->
