<?xml version="1.0" encoding="UTF-8"?>
<!-- Generated by org.testng.reporters.JUnitReportReporter -->
<testsuite hostname="admin-PC" name="demopackage.NewClass1" tests="1" failures="0" timestamp="23 May 2019 01:15:53 GMT" time="5.900" errors="0">
  <testcase name="myMethod" time="5.900" classname="demopackage.NewClass1"/>
</testsuite> <!-- demopackage.NewClass1 -->
