<?xml version="1.0" encoding="UTF-8"?>
<!-- Generated by org.testng.reporters.JUnitReportReporter -->
<testsuite hostname="admin-PC" name="com.testngset.testngprog1" tests="4" failures="0" timestamp="16 May 2019 01:40:20 GMT" time="0.009" errors="0">
  <testcase name="aaunch1" time="0.005" classname="com.testngset.testngprog1"/>
  <testcase name="dlaunch" time="0.001" classname="com.testngset.testngprog1"/>
  <testcase name="baunch" time="0.002" classname="com.testngset.testngprog1"/>
  <testcase name="claunch" time="0.001" classname="com.testngset.testngprog1"/>
</testsuite> <!-- com.testngset.testngprog1 -->
