<?xml version="1.0" encoding="UTF-8"?>
<!-- Generated by org.testng.reporters.JUnitReportReporter -->
<testsuite hostname="admin-PC" name="com.OHRM.lib.General" tests="1" failures="0" timestamp="19 May 2019 09:56:15 GMT" time="6.880" errors="0">
  <testcase name="setUp" time="6.880" classname="com.OHRM.lib.General"/>
</testsuite> <!-- com.OHRM.lib.General -->
