<?xml version="1.0" encoding="UTF-8"?>
<!-- Generated by org.testng.reporters.JUnitReportReporter -->
<testsuite hostname="admin-PC" name="mavens.mavenTestNG$TestMvn" tests="1" failures="0" timestamp="9 May 2019 01:47:21 GMT" time="11.285" errors="0">
  <testcase name="sampleTest" time="11.285" classname="mavens.mavenTestNG$TestMvn"/>
</testsuite> <!-- mavens.mavenTestNG$TestMvn -->
