<?xml version="1.0" encoding="UTF-8"?>
<!-- Generated by org.testng.reporters.JUnitReportReporter -->
<testsuite hostname="admin-PC" name="com.validation.LoginValidation" tests="1" failures="0" timestamp="11 May 2019 13:42:26 GMT" time="1.894" errors="0">
  <testcase name="logIn" time="1.894" classname="com.validation.LoginValidation"/>
</testsuite> <!-- com.validation.LoginValidation -->
