<?xml version="1.0" encoding="UTF-8"?>
<!-- Generated by org.testng.reporters.JUnitReportReporter -->
<testsuite hostname="admin-PC" name="com.validation.OrangeLogin" tests="1" failures="0" timestamp="11 May 2019 13:38:39 GMT" time="1.823" errors="0">
  <testcase name="logIn" time="1.823" classname="com.validation.OrangeLogin"/>
</testsuite> <!-- com.validation.OrangeLogin -->
