<?xml version="1.0" encoding="UTF-8"?>
<!-- Generated by org.testng.reporters.JUnitReportReporter -->
<testsuite hostname="admin-PC" name="com.validation.cccc" tests="1" failures="0" timestamp="11 May 2019 01:46:27 GMT" time="4.689" errors="0">
  <testcase name="logIn" time="4.689" classname="com.validation.cccc"/>
</testsuite> <!-- com.validation.cccc -->
